<?xml version="1.0" encoding="UTF-8"?>
<testng-results ignored="0" total="1" passed="1" failed="0" skipped="0">
  <reporter-output>
  </reporter-output>
  <suite started-at="2024-10-06T12:58:59 IST" name="Default suite" finished-at="2024-10-06T12:59:27 IST" duration-ms="28084">
    <groups>
      <group name="cucumber">
        <method signature="AbstractTestNGCucumberTests.runScenario(cucumber.api.testng.PickleEventWrapper,cucumber.api.testng.CucumberFeatureWrapper)[pri:0, instance:com.salesforce.testcases.TC_001_Login@710636b0]" name="runScenario" class="cucumber.api.testng.AbstractTestNGCucumberTests"/>
      </group> <!-- cucumber -->
    </groups>
    <test started-at="2024-10-06T12:58:59 IST" name="Default test" finished-at="2024-10-06T12:59:27 IST" duration-ms="28084">
      <class name="com.salesforce.testcases.TC_001_Login">
        <test-method is-config="true" signature="startReport()[pri:0, instance:com.salesforce.testcases.TC_001_Login@710636b0]" started-at="2024-10-06T12:58:58 IST" name="startReport" finished-at="2024-10-06T12:58:59 IST" duration-ms="623" status="PASS">
          <reporter-output>
          </reporter-output>
        </test-method> <!-- startReport -->
        <test-method is-config="true" signature="setValues()[pri:0, instance:com.salesforce.testcases.TC_001_Login@710636b0]" started-at="2024-10-06T12:58:59 IST" name="setValues" finished-at="2024-10-06T12:58:59 IST" duration-ms="2" status="PASS">
          <reporter-output>
          </reporter-output>
        </test-method> <!-- setValues -->
        <test-method is-config="true" signature="setUpClass()[pri:0, instance:com.salesforce.testcases.TC_001_Login@710636b0]" started-at="2024-10-06T12:58:59 IST" name="setUpClass" finished-at="2024-10-06T12:58:59 IST" duration-ms="521" status="PASS">
          <reporter-output>
          </reporter-output>
        </test-method> <!-- setUpClass -->
        <test-method is-config="true" signature="startTestCase()[pri:0, instance:com.salesforce.testcases.TC_001_Login@710636b0]" started-at="2024-10-06T12:58:59 IST" name="startTestCase" finished-at="2024-10-06T12:58:59 IST" duration-ms="24" status="PASS">
          <reporter-output>
          </reporter-output>
        </test-method> <!-- startTestCase -->
        <test-method is-config="true" signature="preCondition()[pri:0, instance:com.salesforce.testcases.TC_001_Login@710636b0]" started-at="2024-10-06T12:59:00 IST" name="preCondition" finished-at="2024-10-06T12:59:11 IST" duration-ms="11196" status="PASS">
          <reporter-output>
          </reporter-output>
        </test-method> <!-- preCondition -->
        <test-method signature="runLogin()[pri:0, instance:com.salesforce.testcases.TC_001_Login@710636b0]" started-at="2024-10-06T12:59:11 IST" name="runLogin" finished-at="2024-10-06T12:59:25 IST" duration-ms="13907" status="PASS">
          <reporter-output>
          </reporter-output>
        </test-method> <!-- runLogin -->
        <test-method is-config="true" signature="postCondition()[pri:0, instance:com.salesforce.testcases.TC_001_Login@710636b0]" started-at="2024-10-06T12:59:25 IST" name="postCondition" finished-at="2024-10-06T12:59:27 IST" duration-ms="2131" status="PASS">
          <reporter-output>
          </reporter-output>
        </test-method> <!-- postCondition -->
        <test-method is-config="true" signature="tearDownClass()[pri:0, instance:com.salesforce.testcases.TC_001_Login@710636b0]" started-at="2024-10-06T12:59:27 IST" name="tearDownClass" finished-at="2024-10-06T12:59:27 IST" duration-ms="55" status="PASS">
          <reporter-output>
          </reporter-output>
        </test-method> <!-- tearDownClass -->
        <test-method is-config="true" signature="endResult()[pri:0, instance:com.salesforce.testcases.TC_001_Login@710636b0]" started-at="2024-10-06T12:59:27 IST" name="endResult" finished-at="2024-10-06T12:59:30 IST" duration-ms="2735" status="PASS">
          <reporter-output>
          </reporter-output>
        </test-method> <!-- endResult -->
      </class> <!-- com.salesforce.testcases.TC_001_Login -->
    </test> <!-- Default test -->
  </suite> <!-- Default suite -->
</testng-results>
